<?xml version="1.0" encoding="UTF-8"?>
<!-- Generated by org.testng.reporters.JUnitReportReporter -->
<testsuite skipped="0" hostname="LAPTOP-3BLR436V" name="com.demoaut.newtours.TestScript.VerifyInvalidLogin" tests="1" failures="0" timestamp="2020-06-14T13:41:18 MDT" time="13.626" errors="0">
  <testcase name="verifyInvalidLogin" time="13.626" classname="com.demoaut.newtours.TestScript.VerifyInvalidLogin"/>
  <system-out/>
</testsuite> <!-- com.demoaut.newtours.TestScript.VerifyInvalidLogin -->
